0 info it worked if it ends with ok
1 verbose cli [ '/home/vagrant/.nvm/versions/io.js/v1.6.4/bin/iojs',
1 verbose cli   '/home/vagrant/.nvm/versions/io.js/v1.6.4/bin/npm',
1 verbose cli   'install',
1 verbose cli   '-g',
1 verbose cli   'js-bson' ]
2 info using npm@2.7.5
3 info using node@v1.6.4
4 silly cache add args [ 'js-bson', null ]
5 verbose cache add spec js-bson
6 silly cache add parsed spec { raw: 'js-bson',
6 silly cache add   scope: null,
6 silly cache add   name: 'js-bson',
6 silly cache add   rawSpec: '',
6 silly cache add   spec: '*',
6 silly cache add   type: 'range' }
7 verbose addNamed js-bson@*
8 silly addNamed semver.valid null
9 silly addNamed semver.validRange *
10 silly addNameRange { name: 'js-bson', range: '*', hasData: false }
11 silly mapToRegistry name js-bson
12 silly mapToRegistry using default registry
13 silly mapToRegistry registry https://registry.npmjs.org/
14 silly mapToRegistry uri https://registry.npmjs.org/js-bson
15 verbose addNameRange registry:https://registry.npmjs.org/js-bson not in flight; fetching
16 verbose request uri https://registry.npmjs.org/js-bson
17 verbose request no auth needed
18 info attempt registry request try #1 at 06:48:02
19 verbose request id ffb4b5bf1b5e4277
20 http request GET https://registry.npmjs.org/js-bson
21 http 404 https://registry.npmjs.org/js-bson
22 verbose headers { date: 'Tue, 14 Apr 2015 06:48:05 GMT',
22 verbose headers   server: 'CouchDB/1.5.0 (Erlang OTP/R16B03)',
22 verbose headers   'content-type': 'application/json',
22 verbose headers   'cache-control': 'max-age=0',
22 verbose headers   'content-length': '51',
22 verbose headers   'accept-ranges': 'bytes',
22 verbose headers   via: '1.1 varnish',
22 verbose headers   age: '0',
22 verbose headers   'x-served-by': 'cache-nrt6124-NRT',
22 verbose headers   'x-cache': 'MISS',
22 verbose headers   'x-cache-hits': '0',
22 verbose headers   'x-timer': 'S1428994085.549415,VS0,VE113',
22 verbose headers   'keep-alive': 'timeout=10, max=50',
22 verbose headers   connection: 'Keep-Alive' }
23 silly get cb [ 404,
23 silly get   { date: 'Tue, 14 Apr 2015 06:48:05 GMT',
23 silly get     server: 'CouchDB/1.5.0 (Erlang OTP/R16B03)',
23 silly get     'content-type': 'application/json',
23 silly get     'cache-control': 'max-age=0',
23 silly get     'content-length': '51',
23 silly get     'accept-ranges': 'bytes',
23 silly get     via: '1.1 varnish',
23 silly get     age: '0',
23 silly get     'x-served-by': 'cache-nrt6124-NRT',
23 silly get     'x-cache': 'MISS',
23 silly get     'x-cache-hits': '0',
23 silly get     'x-timer': 'S1428994085.549415,VS0,VE113',
23 silly get     'keep-alive': 'timeout=10, max=50',
23 silly get     connection: 'Keep-Alive' } ]
24 verbose stack Error: 404 Not Found: js-bson
24 verbose stack     at CachingRegistryClient.<anonymous> (/home/vagrant/.nvm/versions/io.js/v1.6.4/lib/node_modules/npm/node_modules/npm-registry-client/lib/request.js:245:14)
24 verbose stack     at Request._callback (/home/vagrant/.nvm/versions/io.js/v1.6.4/lib/node_modules/npm/node_modules/npm-registry-client/lib/request.js:170:14)
24 verbose stack     at Request.self.callback (/home/vagrant/.nvm/versions/io.js/v1.6.4/lib/node_modules/npm/node_modules/request/request.js:360:22)
24 verbose stack     at emitTwo (events.js:87:13)
24 verbose stack     at Request.emit (events.js:169:7)
24 verbose stack     at Request.<anonymous> (/home/vagrant/.nvm/versions/io.js/v1.6.4/lib/node_modules/npm/node_modules/request/request.js:1202:14)
24 verbose stack     at emitOne (events.js:82:20)
24 verbose stack     at Request.emit (events.js:166:7)
24 verbose stack     at IncomingMessage.<anonymous> (/home/vagrant/.nvm/versions/io.js/v1.6.4/lib/node_modules/npm/node_modules/request/request.js:1150:12)
24 verbose stack     at emitNone (events.js:72:20)
25 verbose statusCode 404
26 verbose pkgid js-bson
27 verbose cwd /vagrant/Sam
28 error Linux 3.18.5-1-ARCH
29 error argv "/home/vagrant/.nvm/versions/io.js/v1.6.4/bin/iojs" "/home/vagrant/.nvm/versions/io.js/v1.6.4/bin/npm" "install" "-g" "js-bson"
30 error node v1.6.4
31 error npm  v2.7.5
32 error code E404
33 error 404 Not Found: js-bson
33 error 404
33 error 404 'js-bson' is not in the npm registry.
33 error 404 You should bug the author to publish it (or use the name yourself!)
33 error 404
33 error 404 Note that you can also install from a
33 error 404 tarball, folder, http url, or git url.
34 verbose exit [ 1, true ]
